# JRE version: Java(TM) SE Runtime Environment (8.0_251-b08) (build 1.8.0_251-b08)
# Java VM: Java HotSpot(TM) 64-Bit Server VM (25.251-b08 mixed mode windows-amd64 compressed oops)
Heap:
 PSYoungGen      total 147456K, used 54526K [0x00000000e0a00000, 0x00000000ea400000, 0x0000000100000000)
  eden space 137216K, 39% used [0x00000000e0a00000,0x00000000e3f3f930,0x00000000e9000000)
  from space 10240K, 0% used [0x00000000e9000000,0x00000000e9000000,0x00000000e9a00000)
  to   space 9216K, 0% used [0x00000000e9a80000,0x00000000e9a80000,0x00000000ea380000)
 ParOldGen       total 41984K, used 13769K [0x00000000a1e00000, 0x00000000a4700000, 0x00000000e0a00000)
  object space 41984K, 32% used [0x00000000a1e00000,0x00000000a2b725a0,0x00000000a4700000)
 Metaspace       used 38231K, capacity 40316K, committed 40832K, reserved 1089536K
  class space    used 5171K, capacity 5596K, committed 5760K, reserved 1048576K
GC Heap History (10 events):
Event: 4.937 GC heap before
{Heap before GC invocations=13 (full 2):
 PSYoungGen      total 147456K, used 3942K [0x00000000e0a00000, 0x00000000ea400000, 0x0000000100000000)
  eden space 137216K, 0% used [0x00000000e0a00000,0x00000000e0a00000,0x00000000e9000000)
  from space 10240K, 38% used [0x00000000e9000000,0x00000000e93d9b40,0x00000000e9a00000)
  to   space 9216K, 0% used [0x00000000e9a80000,0x00000000e9a80000,0x00000000ea380000)
 ParOldGen       total 41984K, used 12289K [0x00000000a1e00000, 0x00000000a4700000, 0x00000000e0a00000)
  object space 41984K, 29% used [0x00000000a1e00000,0x00000000a2a007f8,0x00000000a4700000)
 Metaspace       used 33394K, capacity 35360K, committed 35496K, reserved 1079296K
  class space    used 4385K, capacity 4781K, committed 4864K, reserved 1048576K
Event: 5.035 GC heap after
Heap after GC invocations=13 (full 2):
 PSYoungGen      total 147456K, used 0K [0x00000000e0a00000, 0x00000000ea400000, 0x0000000100000000)
  eden space 137216K, 0% used [0x00000000e0a00000,0x00000000e0a00000,0x00000000e9000000)
  from space 10240K, 0% used [0x00000000e9000000,0x00000000e9000000,0x00000000e9a00000)
  to   space 9216K, 0% used [0x00000000e9a80000,0x00000000e9a80000,0x00000000ea380000)
 ParOldGen       total 41984K, used 15156K [0x00000000a1e00000, 0x00000000a4700000, 0x00000000e0a00000)
  object space 41984K, 36% used [0x00000000a1e00000,0x00000000a2ccd0d0,0x00000000a4700000)
 Metaspace       used 33394K, capacity 35360K, committed 35496K, reserved 1079296K
  class space    used 4385K, capacity 4781K, committed 4864K, reserved 1048576K
}
Event: 5.792 GC heap before
{Heap before GC invocations=14 (full 2):
 PSYoungGen      total 147456K, used 34059K [0x00000000e0a00000, 0x00000000ea400000, 0x0000000100000000)
  eden space 137216K, 24% used [0x00000000e0a00000,0x00000000e2b42f80,0x00000000e9000000)
  from space 10240K, 0% used [0x00000000e9000000,0x00000000e9000000,0x00000000e9a00000)
  to   space 9216K, 0% used [0x00000000e9a80000,0x00000000e9a80000,0x00000000ea380000)
 ParOldGen       total 41984K, used 15156K [0x00000000a1e00000, 0x00000000a4700000, 0x00000000e0a00000)
  object space 41984K, 36% used [0x00000000a1e00000,0x00000000a2ccd0d0,0x00000000a4700000)
 Metaspace       used 37146K, capacity 39200K, committed 39424K, reserved 1087488K
  class space    used 4926K, capacity 5324K, committed 5376K, reserved 1048576K
Event: 5.795 GC heap after
Heap after GC invocations=14 (full 2):
 PSYoungGen      total 146432K, used 4042K [0x00000000e0a00000, 0x00000000ea400000, 0x0000000100000000)
  eden space 137216K, 0% used [0x00000000e0a00000,0x00000000e0a00000,0x00000000e9000000)
  from space 9216K, 43% used [0x00000000e9a80000,0x00000000e9e72be8,0x00000000ea380000)
  to   space 10240K, 0% used [0x00000000e9000000,0x00000000e9000000,0x00000000e9a00000)
 ParOldGen       total 41984K, used 15164K [0x00000000a1e00000, 0x00000000a4700000, 0x00000000e0a00000)
  object space 41984K, 36% used [0x00000000a1e00000,0x00000000a2ccf0d0,0x00000000a4700000)
 Metaspace       used 37146K, capacity 39200K, committed 39424K, reserved 1087488K
  class space    used 4926K, capacity 5324K, committed 5376K, reserved 1048576K
}
Event: 5.795 GC heap before
{Heap before GC invocations=15 (full 3):
 PSYoungGen      total 146432K, used 4042K [0x00000000e0a00000, 0x00000000ea400000, 0x0000000100000000)
  eden space 137216K, 0% used [0x00000000e0a00000,0x00000000e0a00000,0x00000000e9000000)
  from space 9216K, 43% used [0x00000000e9a80000,0x00000000e9e72be8,0x00000000ea380000)
  to   space 10240K, 0% used [0x00000000e9000000,0x00000000e9000000,0x00000000e9a00000)
 ParOldGen       total 41984K, used 15164K [0x00000000a1e00000, 0x00000000a4700000, 0x00000000e0a00000)
  object space 41984K, 36% used [0x00000000a1e00000,0x00000000a2ccf0d0,0x00000000a4700000)
 Metaspace       used 37146K, capacity 39200K, committed 39424K, reserved 1087488K
  class space    used 4926K, capacity 5324K, committed 5376K, reserved 1048576K
Event: 5.971 GC heap after
Heap after GC invocations=15 (full 3):
 PSYoungGen      total 146432K, used 0K [0x00000000e0a00000, 0x00000000ea400000, 0x0000000100000000)
  eden space 137216K, 0% used [0x00000000e0a00000,0x00000000e0a00000,0x00000000e9000000)
  from space 9216K, 0% used [0x00000000e9a80000,0x00000000e9a80000,0x00000000ea380000)
  to   space 10240K, 0% used [0x00000000e9000000,0x00000000e9000000,0x00000000e9a00000)
 ParOldGen       total 41984K, used 16802K [0x00000000a1e00000, 0x00000000a4700000, 0x00000000e0a00000)
  object space 41984K, 40% used [0x00000000a1e00000,0x00000000a2e688f8,0x00000000a4700000)
 Metaspace       used 37146K, capacity 39200K, committed 39424K, reserved 1087488K
  class space    used 4926K, capacity 5324K, committed 5376K, reserved 1048576K
}
Event: 5.971 GC heap before
{Heap before GC invocations=16 (full 3):
 PSYoungGen      total 146432K, used 0K [0x00000000e0a00000, 0x00000000ea400000, 0x0000000100000000)
  eden space 137216K, 0% used [0x00000000e0a00000,0x00000000e0a00000,0x00000000e9000000)
  from space 9216K, 0% used [0x00000000e9a80000,0x00000000e9a80000,0x00000000ea380000)
  to   space 10240K, 0% used [0x00000000e9000000,0x00000000e9000000,0x00000000e9a00000)
 ParOldGen       total 41984K, used 16802K [0x00000000a1e00000, 0x00000000a4700000, 0x00000000e0a00000)
  object space 41984K, 40% used [0x00000000a1e00000,0x00000000a2e688f8,0x00000000a4700000)
 Metaspace       used 37146K, capacity 39200K, committed 39424K, reserved 1087488K
  class space    used 4926K, capacity 5324K, committed 5376K, reserved 1048576K
Event: 5.972 GC heap after
Heap after GC invocations=16 (full 3):
 PSYoungGen      total 147456K, used 0K [0x00000000e0a00000, 0x00000000ea400000, 0x0000000100000000)
  eden space 137216K, 0% used [0x00000000e0a00000,0x00000000e0a00000,0x00000000e9000000)
  from space 10240K, 0% used [0x00000000e9000000,0x00000000e9000000,0x00000000e9a00000)
  to   space 9216K, 0% used [0x00000000e9a80000,0x00000000e9a80000,0x00000000ea380000)
 ParOldGen       total 41984K, used 16802K [0x00000000a1e00000, 0x00000000a4700000, 0x00000000e0a00000)
  object space 41984K, 40% used [0x00000000a1e00000,0x00000000a2e688f8,0x00000000a4700000)
 Metaspace       used 37146K, capacity 39200K, committed 39424K, reserved 1087488K
  class space    used 4926K, capacity 5324K, committed 5376K, reserved 1048576K
}
Event: 5.972 GC heap before
{Heap before GC invocations=17 (full 4):
 PSYoungGen      total 147456K, used 0K [0x00000000e0a00000, 0x00000000ea400000, 0x0000000100000000)
  eden space 137216K, 0% used [0x00000000e0a00000,0x00000000e0a00000,0x00000000e9000000)
  from space 10240K, 0% used [0x00000000e9000000,0x00000000e9000000,0x00000000e9a00000)
  to   space 9216K, 0% used [0x00000000e9a80000,0x00000000e9a80000,0x00000000ea380000)
 ParOldGen       total 41984K, used 16802K [0x00000000a1e00000, 0x00000000a4700000, 0x00000000e0a00000)
  object space 41984K, 40% used [0x00000000a1e00000,0x00000000a2e688f8,0x00000000a4700000)
 Metaspace       used 37146K, capacity 39200K, committed 39424K, reserved 1087488K
  class space    used 4926K, capacity 5324K, committed 5376K, reserved 1048576K
Event: 6.082 GC heap after
Heap after GC invocations=17 (full 4):
 PSYoungGen      total 147456K, used 0K [0x00000000e0a00000, 0x00000000ea400000, 0x0000000100000000)
  eden space 137216K, 0% used [0x00000000e0a00000,0x00000000e0a00000,0x00000000e9000000)
  from space 10240K, 0% used [0x00000000e9000000,0x00000000e9000000,0x00000000e9a00000)
  to   space 9216K, 0% used [0x00000000e9a80000,0x00000000e9a80000,0x00000000ea380000)
 ParOldGen       total 41984K, used 13769K [0x00000000a1e00000, 0x00000000a4700000, 0x00000000e0a00000)
  object space 41984K, 32% used [0x00000000a1e00000,0x00000000a2b725a0,0x00000000a4700000)
 Metaspace       used 36934K, capacity 38860K, committed 39424K, reserved 1087488K
  class space    used 4891K, capacity 5262K, committed 5376K, reserved 1048576K
}

